RealMadridInfo_FINAL/app/build/intermediates/manifest_merge_blame_file/debug/manifest-merger-blame-debug-report.txt
1<?xml version="1.0" encoding="utf-8"?>
2<manifest xmlns:android="http://schemas.android.com/apk/res/android"
3    package="com.realmadridinfo"
4    android:versionCode="1"
5    android:versionName="1.0" >
6
7    <uses-sdk
8        android:minSdkVersion="26"
9        android:targetSdkVersion="33" />
10
11    <uses-permission android:name="android.permission.INTERNET" />
11-->src/main/AndroidManifest.xml:5:5-67
11-->src/main/AndroidManifest.xml:5:22-64
12    <uses-permission android:name="android.permission.ACCESS_NETWORK_STATE" />
12-->[com.google.firebase:firebase-auth:22.1.2] AndroidManifest.xml:26:5-79
12-->[com.google.firebase:firebase-auth:22.1.2] AndroidManifest.xml:26:22-76
13
14    <permission
14-->[androidx.core:core:1.12.0] AndroidManifest.xml:22:5-24:47
15        android:name="com.realmadridinfo.DYNAMIC_RECEIVER_NOT_EXPORTED_PERMISSION"
15-->[androidx.core:core:1.12.0] AndroidManifest.xml:23:9-81
16        android:protectionLevel="signature" />
16-->[androidx.core:core:1.12.0] AndroidManifest.xml:24:9-44
17
18    <uses-permission android:name="com.realmadridinfo.DYNAMIC_RECEIVER_NOT_EXPORTED_PERMISSION" />
18-->[androidx.core:core:1.12.0] AndroidManifest.xml:26:5-97
18-->[androidx.core:core:1.12.0] AndroidManifest.xml:26:22-94
19
20    <application
20-->src/main/AndroidManifest.xml:7:5-25:19
21        android:appComponentFactory="androidx.core.app.CoreComponentFactory"
21-->[androidx.core:core:1.12.0] AndroidManifest.xml:28:18-86
22        android:debuggable="true"
23        android:extractNativeLibs="false"
24        android:icon="@drawable/ic_launcher"
24-->src/main/AndroidManifest.xml:8:9-45
25        android:label="@string/text_app_name"
25-->src/main/AndroidManifest.xml:9:9-46
26        android:roundIcon="@drawable/ic_launcher_round"
26-->src/main/AndroidManifest.xml:10:9-56
27        android:supportsRtl="true"
27-->src/main/AndroidManifest.xml:11:9-35
28        android:testOnly="true"
29        android:theme="@style/Theme.RealMadridInfo" >
29-->src/main/AndroidManifest.xml:12:9-52
30        <activity
30-->src/main/AndroidManifest.xml:14:9-21:20
31            android:name="com.realmadridinfo.ui.userauth.UserAuthActivity"
31-->src/main/AndroidManifest.xml:15:13-57
32            android:exported="true" >
32-->src/main/AndroidManifest.xml:16:13-36
33            <intent-filter>
33-->src/main/AndroidManifest.xml:17:13-20:29
34                <action android:name="android.intent.action.MAIN" />
34-->src/main/AndroidManifest.xml:18:17-69
34-->src/main/AndroidManifest.xml:18:25-66
35
36                <category android:name="android.intent.category.LAUNCHER" />
36-->src/main/AndroidManifest.xml:19:17-77
36-->src/main/AndroidManifest.xml:19:27-74
37            </intent-filter>
38        </activity>
39        <activity
39-->src/main/AndroidManifest.xml:22:9-24:40
40            android:name="com.realmadridinfo.ui.main.MainActivity"
40-->src/main/AndroidManifest.xml:23:13-49
41            android:exported="false" />
41-->src/main/AndroidManifest.xml:24:13-37
42
43        <service
43-->[com.google.firebase:firebase-auth-ktx:22.1.2] AndroidManifest.xml:8:9-14:19
44            android:name="com.google.firebase.components.ComponentDiscoveryService"
44-->[com.google.firebase:firebase-auth-ktx:22.1.2] AndroidManifest.xml:9:13-84
45            android:directBootAware="true"
45-->[com.google.firebase:firebase-common:20.3.2] AndroidManifest.xml:34:13-43
46            android:exported="false" >
46-->[com.google.firebase:firebase-auth-ktx:22.1.2] AndroidManifest.xml:10:13-37
47            <meta-data
47-->[com.google.firebase:firebase-auth-ktx:22.1.2] AndroidManifest.xml:11:13-13:85
48                android:name="com.google.firebase.components:com.google.firebase.auth.ktx.FirebaseAuthKtxRegistrar"
48-->[com.google.firebase:firebase-auth-ktx:22.1.2] AndroidManifest.xml:12:17-116
49                android:value="com.google.firebase.components.ComponentRegistrar" />
49-->[com.google.firebase:firebase-auth-ktx:22.1.2] AndroidManifest.xml:13:17-82
50            <meta-data
50-->[com.google.firebase:firebase-auth:22.1.2] AndroidManifest.xml:69:13-71:85
51                android:name="com.google.firebase.components:com.google.firebase.auth.FirebaseAuthRegistrar"
51-->[com.google.firebase:firebase-auth:22.1.2] AndroidManifest.xml:70:17-109
52                android:value="com.google.firebase.components.ComponentRegistrar" />
52-->[com.google.firebase:firebase-auth:22.1.2] AndroidManifest.xml:71:17-82
53            <meta-data
53-->[com.google.firebase:firebase-common-ktx:20.2.0] AndroidManifest.xml:14:13-16:85
54                android:name="com.google.firebase.components:com.google.firebase.ktx.FirebaseCommonKtxRegistrar"
54-->[com.google.firebase:firebase-common-ktx:20.2.0] AndroidManifest.xml:15:17-113
55                android:value="com.google.firebase.components.ComponentRegistrar" />
55-->[com.google.firebase:firebase-common-ktx:20.2.0] AndroidManifest.xml:16:17-82
56        </service>
57
58        <activity
58-->[com.google.firebase:firebase-auth:22.1.2] AndroidManifest.xml:29:9-46:20
59            android:name="com.google.firebase.auth.internal.GenericIdpActivity"
59-->[com.google.firebase:firebase-auth:22.1.2] AndroidManifest.xml:30:13-80
60            android:excludeFromRecents="true"
60-->[com.google.firebase:firebase-auth:22.1.2] AndroidManifest.xml:31:13-46
61            android:exported="true"
61-->[com.google.firebase:firebase-auth:22.1.2] AndroidManifest.xml:32:13-36
62            android:launchMode="singleTask"
62-->[com.google.firebase:firebase-auth:22.1.2] AndroidManifest.xml:33:13-44
63            android:theme="@android:style/Theme.Translucent.NoTitleBar" >
63-->[com.google.firebase:firebase-auth:22.1.2] AndroidManifest.xml:34:13-72
64            <intent-filter>
64-->[com.google.firebase:firebase-auth:22.1.2] AndroidManifest.xml:35:13-45:29
65                <action android:name="android.intent.action.VIEW" />
65-->[com.google.firebase:firebase-auth:22.1.2] AndroidManifest.xml:36:17-69
65-->[com.google.firebase:firebase-auth:22.1.2] AndroidManifest.xml:36:25-66
66
67                <category android:name="android.intent.category.DEFAULT" />
67-->[com.google.firebase:firebase-auth:22.1.2] AndroidManifest.xml:38:17-76
67-->[com.google.firebase:firebase-auth:22.1.2] AndroidManifest.xml:38:27-73
68                <category android:name="android.intent.category.BROWSABLE" />
68-->[com.google.firebase:firebase-auth:22.1.2] AndroidManifest.xml:39:17-78
68-->[com.google.firebase:firebase-auth:22.1.2] AndroidManifest.xml:39:27-75
69
70                <data
70-->[com.google.firebase:firebase-auth:22.1.2] AndroidManifest.xml:41:17-44:51
71                    android:host="firebase.auth"
71-->[com.google.firebase:firebase-auth:22.1.2] AndroidManifest.xml:42:21-49
72                    android:path="/"
72-->[com.google.firebase:firebase-auth:22.1.2] AndroidManifest.xml:43:21-37
73                    android:scheme="genericidp" />
73-->[com.google.firebase:firebase-auth:22.1.2] AndroidManifest.xml:44:21-48
74            </intent-filter>
75        </activity>
76        <activity
76-->[com.google.firebase:firebase-auth:22.1.2] AndroidManifest.xml:47:9-64:20
77            android:name="com.google.firebase.auth.internal.RecaptchaActivity"
77-->[com.google.firebase:firebase-auth:22.1.2] AndroidManifest.xml:48:13-79
78            android:excludeFromRecents="true"
78-->[com.google.firebase:firebase-auth:22.1.2] AndroidManifest.xml:49:13-46
79            android:exported="true"
79-->[com.google.firebase:firebase-auth:22.1.2] AndroidManifest.xml:50:13-36
80            android:launchMode="singleTask"
80-->[com.google.firebase:firebase-auth:22.1.2] AndroidManifest.xml:51:13-44
81            android:theme="@android:style/Theme.Translucent.NoTitleBar" >
81-->[com.google.firebase:firebase-auth:22.1.2] AndroidManifest.xml:52:13-72
82            <intent-filter>
82-->[com.google.firebase:firebase-auth:22.1.2] AndroidManifest.xml:53:13-63:29
83                <action android:name="android.intent.action.VIEW" />
83-->[com.google.firebase:firebase-auth:22.1.2] AndroidManifest.xml:36:17-69
83-->[com.google.firebase:firebase-auth:22.1.2] AndroidManifest.xml:36:25-66
84
85                <category android:name="android.intent.category.DEFAULT" />
85-->[com.google.firebase:firebase-auth:22.1.2] AndroidManifest.xml:38:17-76
85-->[com.google.firebase:firebase-auth:22.1.2] AndroidManifest.xml:38:27-73
86                <category android:name="android.intent.category.BROWSABLE" />
86-->[com.google.firebase:firebase-auth:22.1.2] AndroidManifest.xml:39:17-78
86-->[com.google.firebase:firebase-auth:22.1.2] AndroidManifest.xml:39:27-75
87
88                <data
88-->[com.google.firebase:firebase-auth:22.1.2] AndroidManifest.xml:41:17-44:51
89                    android:host="firebase.auth"
89-->[com.google.firebase:firebase-auth:22.1.2] AndroidManifest.xml:42:21-49
90                    android:path="/"
90-->[com.google.firebase:firebase-auth:22.1.2] AndroidManifest.xml:43:21-37
91                    android:scheme="recaptcha" />
91-->[com.google.firebase:firebase-auth:22.1.2] AndroidManifest.xml:44:21-48
92            </intent-filter>
93        </activity>
94
95        <provider
95-->[com.google.firebase:firebase-common:20.3.2] AndroidManifest.xml:25:9-30:39
96            android:name="com.google.firebase.provider.FirebaseInitProvider"
96-->[com.google.firebase:firebase-common:20.3.2] AndroidManifest.xml:26:13-77
97            android:authorities="com.realmadridinfo.firebaseinitprovider"
97-->[com.google.firebase:firebase-common:20.3.2] AndroidManifest.xml:27:13-72
98            android:directBootAware="true"
98-->[com.google.firebase:firebase-common:20.3.2] AndroidManifest.xml:28:13-43
99            android:exported="false"
99-->[com.google.firebase:firebase-common:20.3.2] AndroidManifest.xml:29:13-37
100            android:initOrder="100" />
100-->[com.google.firebase:firebase-common:20.3.2] AndroidManifest.xml:30:13-36
101
102        <activity
102-->[com.google.android.gms:play-services-base:18.0.1] AndroidManifest.xml:20:9-22:45
103            android:name="com.google.android.gms.common.api.GoogleApiActivity"
103-->[com.google.android.gms:play-services-base:18.0.1] AndroidManifest.xml:20:19-85
104            android:exported="false"
104-->[com.google.android.gms:play-services-base:18.0.1] AndroidManifest.xml:22:19-43
105            android:theme="@android:style/Theme.Translucent.NoTitleBar" />
105-->[com.google.android.gms:play-services-base:18.0.1] AndroidManifest.xml:21:19-78
106
107        <meta-data
107-->[com.google.android.gms:play-services-basement:18.1.0] AndroidManifest.xml:21:9-23:69
108            android:name="com.google.android.gms.version"
108-->[com.google.android.gms:play-services-basement:18.1.0] AndroidManifest.xml:22:13-58
109            android:value="@integer/google_play_services_version" />
109-->[com.google.android.gms:play-services-basement:18.1.0] AndroidManifest.xml:23:13-66
110
111        <provider
111-->[androidx.emoji2:emoji2:1.2.0] AndroidManifest.xml:24:9-32:20
112            android:name="androidx.startup.InitializationProvider"
112-->[androidx.emoji2:emoji2:1.2.0] AndroidManifest.xml:25:13-67
113            android:authorities="com.realmadridinfo.androidx-startup"
113-->[androidx.emoji2:emoji2:1.2.0] AndroidManifest.xml:26:13-68
114            android:exported="false" >
114-->[androidx.emoji2:emoji2:1.2.0] AndroidManifest.xml:27:13-37
115            <meta-data
115-->[androidx.emoji2:emoji2:1.2.0] AndroidManifest.xml:29:13-31:52
116                android:name="androidx.emoji2.text.EmojiCompatInitializer"
116-->[androidx.emoji2:emoji2:1.2.0] AndroidManifest.xml:30:17-75
117                android:value="androidx.startup" />
117-->[androidx.emoji2:emoji2:1.2.0] AndroidManifest.xml:31:17-49
118            <meta-data
118-->[androidx.lifecycle:lifecycle-process:2.6.2] AndroidManifest.xml:29:13-31:52
119                android:name="androidx.lifecycle.ProcessLifecycleInitializer"
119-->[androidx.lifecycle:lifecycle-process:2.6.2] AndroidManifest.xml:30:17-78
120                android:value="androidx.startup" />
120-->[androidx.lifecycle:lifecycle-process:2.6.2] AndroidManifest.xml:31:17-49
121            <meta-data
121-->[androidx.profileinstaller:profileinstaller:1.3.0] AndroidManifest.xml:29:13-31:52
122                android:name="androidx.profileinstaller.ProfileInstallerInitializer"
122-->[androidx.profileinstaller:profileinstaller:1.3.0] AndroidManifest.xml:30:17-85
123                android:value="androidx.startup" />
123-->[androidx.profileinstaller:profileinstaller:1.3.0] AndroidManifest.xml:31:17-49
124        </provider>
125
126        <uses-library
126-->[androidx.window:window:1.0.0] AndroidManifest.xml:25:9-27:40
127            android:name="androidx.window.extensions"
127-->[androidx.window:window:1.0.0] AndroidManifest.xml:26:13-54
128            android:required="false" />
128-->[androidx.window:window:1.0.0] AndroidManifest.xml:27:13-37
129        <uses-library
129-->[androidx.window:window:1.0.0] AndroidManifest.xml:28:9-30:40
130            android:name="androidx.window.sidecar"
130-->[androidx.window:window:1.0.0] AndroidManifest.xml:29:13-51
131            android:required="false" />
131-->[androidx.window:window:1.0.0] AndroidManifest.xml:30:13-37
132
133        <receiver
133-->[androidx.profileinstaller:profileinstaller:1.3.0] AndroidManifest.xml:34:9-52:20
134            android:name="androidx.profileinstaller.ProfileInstallReceiver"
134-->[androidx.profileinstaller:profileinstaller:1.3.0] AndroidManifest.xml:35:13-76
135            android:directBootAware="false"
135-->[androidx.profileinstaller:profileinstaller:1.3.0] AndroidManifest.xml:36:13-44
136            android:enabled="true"
136-->[androidx.profileinstaller:profileinstaller:1.3.0] AndroidManifest.xml:37:13-35
137            android:exported="true"
137-->[androidx.profileinstaller:profileinstaller:1.3.0] AndroidManifest.xml:38:13-36
138            android:permission="android.permission.DUMP" >
138-->[androidx.profileinstaller:profileinstaller:1.3.0] AndroidManifest.xml:39:13-57
139            <intent-filter>
139-->[androidx.profileinstaller:profileinstaller:1.3.0] AndroidManifest.xml:40:13-42:29
140                <action android:name="androidx.profileinstaller.action.INSTALL_PROFILE" />
140-->[androidx.profileinstaller:profileinstaller:1.3.0] AndroidManifest.xml:41:17-91
140-->[androidx.profileinstaller:profileinstaller:1.3.0] AndroidManifest.xml:41:25-88
141            </intent-filter>
142            <intent-filter>
142-->[androidx.profileinstaller:profileinstaller:1.3.0] AndroidManifest.xml:43:13-45:29
143                <action android:name="androidx.profileinstaller.action.SKIP_FILE" />
143-->[androidx.profileinstaller:profileinstaller:1.3.0] AndroidManifest.xml:44:17-85
143-->[androidx.profileinstaller:profileinstaller:1.3.0] AndroidManifest.xml:44:25-82
144            </intent-filter>
145            <intent-filter>
145-->[androidx.profileinstaller:profileinstaller:1.3.0] AndroidManifest.xml:46:13-48:29
146                <action android:name="androidx.profileinstaller.action.SAVE_PROFILE" />
146-->[androidx.profileinstaller:profileinstaller:1.3.0] AndroidManifest.xml:47:17-88
146-->[androidx.profileinstaller:profileinstaller:1.3.0] AndroidManifest.xml:47:25-85
147            </intent-filter>
148            <intent-filter>
148-->[androidx.profileinstaller:profileinstaller:1.3.0] AndroidManifest.xml:49:13-51:29
149                <action android:name="androidx.profileinstaller.action.BENCHMARK_OPERATION" />
149-->[androidx.profileinstaller:profileinstaller:1.3.0] AndroidManifest.xml:50:17-95
149-->[androidx.profileinstaller:profileinstaller:1.3.0] AndroidManifest.xml:50:25-92
150            </intent-filter>
151        </receiver>
152    </application>
153
154</manifest>